<?xml version="1.0" encoding="UTF-8"?>
<!-- Generated by org.testng.reporters.JUnitReportReporter -->
<testsuite hostname="DESKTOP-4N7AMBM" failures="0" tests="1" name="com.Maven.MavenTest" time="0.010" errors="0" timestamp="05 Dec 2018 00:40:25 GMT" skipped="0">
  <testcase classname="com.Maven.MavenTest" name="hello" time="0.010"/>
</testsuite> <!-- com.Maven.MavenTest -->
