<?xml version="1.0" encoding="UTF-8"?>
<!-- Generated by org.testng.reporters.JUnitReportReporter -->
<testsuite hostname="DESKTOP-4N7AMBM" failures="0" tests="1" name="com.Maven.MavenTest" time="0.007" errors="0" timestamp="05 Dec 2018 03:18:34 GMT" skipped="0">
  <testcase classname="com.Maven.MavenTest" name="hello" time="0.007"/>
</testsuite> <!-- com.Maven.MavenTest -->
